<?xml version="1.0" encoding="UTF-8" standalone="yes"?>
<ns2:test-suite start="1470675476547" stop="1470675484009" xmlns:ns2="urn:model.allure.qatools.yandex.ru">
    <name>com.mycompany.stech_junittask1.MultiplicationOperatorParameterizeTest</name>
    <title>Тест выражений с оператором умножения</title>
    <description type="text">Проверка результата арифметического действия.</description>
    <test-cases>
        <test-case start="1470675476548" stop="1470675476549" status="passed">
            <name>ParameterizeTest[Тест №0: Проверка, что (-24*5)=-120]</name>
            <description type="text">Проверяется арифметическое действие над двумя операндами.  Реальный результат арифметического действия сравнивается с данными из тестового файла, на основе чего делается вывод о корректности тестового выражения.</description>
            <steps>
                <step start="1470675476549" stop="1470675476549" status="passed">
                    <name>ParameterizeTest</name>
                    <title>Проверка результата вычислений.</title>
                    <attachments/>
                    <steps>
                        <step start="1470675476549" stop="1470675476549" status="passed">
                            <name>MultiplicationFunction[-24, 5]</name>
                            <title>Выполнение операции умножения.</title>
                            <attachments/>
                            <steps/>
                        </step>
                    </steps>
                </step>
            </steps>
            <attachments/>
            <labels>
                <label name="story" value="Оператор умножения"/>
                <label name="feature" value="Арифметические действия"/>
                <label name="host" value="hashted"/>
                <label name="thread" value="7524@hashted.main(1)"/>
            </labels>
        </test-case>
        <test-case start="1470675476550" stop="1470675476554" status="passed">
            <name>ParameterizeTest[Тест №1: Проверка, что (4*4)=16]</name>
            <description type="text">Проверяется арифметическое действие над двумя операндами.  Реальный результат арифметического действия сравнивается с данными из тестового файла, на основе чего делается вывод о корректности тестового выражения.</description>
            <steps>
                <step start="1470675476551" stop="1470675476551" status="passed">
                    <name>ParameterizeTest</name>
                    <title>Проверка результата вычислений.</title>
                    <attachments/>
                    <steps>
                        <step start="1470675476551" stop="1470675476551" status="passed">
                            <name>MultiplicationFunction[4, 4]</name>
                            <title>Выполнение операции умножения.</title>
                            <attachments/>
                            <steps/>
                        </step>
                    </steps>
                </step>
            </steps>
            <attachments/>
            <labels>
                <label name="story" value="Оператор умножения"/>
                <label name="feature" value="Арифметические действия"/>
                <label name="host" value="hashted"/>
                <label name="thread" value="7524@hashted.main(1)"/>
            </labels>
        </test-case>
        <test-case start="1470675476624" stop="1470675476626" status="failed">
            <name>ParameterizeTest[Тест №2: Проверка, что (4*4)=26]</name>
            <description type="text">Проверяется арифметическое действие над двумя операндами.  Реальный результат арифметического действия сравнивается с данными из тестового файла, на основе чего делается вывод о корректности тестового выражения.</description>
            <failure>
                <message>AssertionError: expected:&lt;26.0&gt; but was:&lt;16.0&gt;</message>
                <stack-trace>java.lang.AssertionError: expected:&lt;26.0&gt; but was:&lt;16.0&gt;
	at org.junit.Assert.fail(Assert.java:88)
	at org.junit.Assert.failNotEquals(Assert.java:834)
	at org.junit.Assert.assertEquals(Assert.java:575)
	at org.junit.Assert.assertEquals(Assert.java:700)
	at com.mycompany.stech_junittask1.MultiplicationOperatorParameterizeTest.ParameterizeTest(MultiplicationOperatorParameterizeTest.java:41)
	at sun.reflect.NativeMethodAccessorImpl.invoke0(Native Method)
	at sun.reflect.NativeMethodAccessorImpl.invoke(NativeMethodAccessorImpl.java:62)
	at sun.reflect.DelegatingMethodAccessorImpl.invoke(DelegatingMethodAccessorImpl.java:43)
	at java.lang.reflect.Method.invoke(Method.java:498)
	at org.junit.runners.model.FrameworkMethod$1.runReflectiveCall(FrameworkMethod.java:50)
	at org.junit.internal.runners.model.ReflectiveCallable.run(ReflectiveCallable.java:12)
	at org.junit.runners.model.FrameworkMethod.invokeExplosively(FrameworkMethod.java:47)
	at org.junit.internal.runners.statements.InvokeMethod.evaluate(InvokeMethod.java:17)
	at org.junit.runners.ParentRunner.runLeaf(ParentRunner.java:325)
	at org.junit.runners.BlockJUnit4ClassRunner.runChild(BlockJUnit4ClassRunner.java:78)
	at org.junit.runners.BlockJUnit4ClassRunner.runChild(BlockJUnit4ClassRunner.java:57)
	at org.junit.runners.ParentRunner$3.run(ParentRunner.java:290)
	at org.junit.runners.ParentRunner$1.schedule(ParentRunner.java:71)
	at org.junit.runners.ParentRunner.runChildren(ParentRunner.java:288)
	at org.junit.runners.ParentRunner.access$000(ParentRunner.java:58)
	at org.junit.runners.ParentRunner$2.evaluate(ParentRunner.java:268)
	at org.junit.runners.ParentRunner.run(ParentRunner.java:363)
	at org.junit.runners.Suite.runChild(Suite.java:128)
	at org.junit.runners.Suite.runChild(Suite.java:27)
	at org.junit.runners.ParentRunner$3.run(ParentRunner.java:290)
	at org.junit.runners.ParentRunner$1.schedule(ParentRunner.java:71)
	at org.junit.runners.ParentRunner.runChildren(ParentRunner.java:288)
	at org.junit.runners.ParentRunner.access$000(ParentRunner.java:58)
	at org.junit.runners.ParentRunner$2.evaluate(ParentRunner.java:268)
	at org.junit.runners.ParentRunner.run(ParentRunner.java:363)
	at org.apache.maven.surefire.junit4.JUnit4Provider.execute(JUnit4Provider.java:367)
	at org.apache.maven.surefire.junit4.JUnit4Provider.executeWithRerun(JUnit4Provider.java:274)
	at org.apache.maven.surefire.junit4.JUnit4Provider.executeTestSet(JUnit4Provider.java:238)
	at org.apache.maven.surefire.junit4.JUnit4Provider.invoke(JUnit4Provider.java:161)
	at org.apache.maven.surefire.booter.ForkedBooter.invokeProviderInSameClassLoader(ForkedBooter.java:290)
	at org.apache.maven.surefire.booter.ForkedBooter.runSuitesInProcess(ForkedBooter.java:242)
	at org.apache.maven.surefire.booter.ForkedBooter.main(ForkedBooter.java:121)
</stack-trace>
            </failure>
            <steps>
                <step start="1470675476625" stop="1470675476625" status="failed">
                    <name>ParameterizeTest</name>
                    <title>Проверка результата вычислений.</title>
                    <steps>
                        <step start="1470675476625" stop="1470675476625" status="passed">
                            <name>MultiplicationFunction[4, 4]</name>
                            <title>Выполнение операции умножения.</title>
                        </step>
                    </steps>
                </step>
            </steps>
            <attachments/>
            <labels>
                <label name="story" value="Оператор умножения"/>
                <label name="feature" value="Арифметические действия"/>
                <label name="host" value="hashted"/>
                <label name="thread" value="7524@hashted.main(1)"/>
            </labels>
        </test-case>
        <test-case start="1470675476628" stop="1470675476629" status="passed">
            <name>ParameterizeTest[Тест №3: Проверка, что (21*554)=11634]</name>
            <description type="text">Проверяется арифметическое действие над двумя операндами.  Реальный результат арифметического действия сравнивается с данными из тестового файла, на основе чего делается вывод о корректности тестового выражения.</description>
            <steps>
                <step start="1470675476628" stop="1470675476628" status="passed">
                    <name>ParameterizeTest</name>
                    <title>Проверка результата вычислений.</title>
                    <attachments/>
                    <steps>
                        <step start="1470675476628" stop="1470675476628" status="passed">
                            <name>MultiplicationFunction[21, 554]</name>
                            <title>Выполнение операции умножения.</title>
                            <attachments/>
                            <steps/>
                        </step>
                    </steps>
                </step>
            </steps>
            <attachments/>
            <labels>
                <label name="story" value="Оператор умножения"/>
                <label name="feature" value="Арифметические действия"/>
                <label name="host" value="hashted"/>
                <label name="thread" value="7524@hashted.main(1)"/>
            </labels>
        </test-case>
        <test-case start="1470675476630" stop="1470675476631" status="passed">
            <name>ParameterizeTest[Тест №4: Проверка, что (45*3)=135]</name>
            <description type="text">Проверяется арифметическое действие над двумя операндами.  Реальный результат арифметического действия сравнивается с данными из тестового файла, на основе чего делается вывод о корректности тестового выражения.</description>
            <steps>
                <step start="1470675476630" stop="1470675476631" status="passed">
                    <name>ParameterizeTest</name>
                    <title>Проверка результата вычислений.</title>
                    <attachments/>
                    <steps>
                        <step start="1470675476631" stop="1470675476631" status="passed">
                            <name>MultiplicationFunction[45, 3]</name>
                            <title>Выполнение операции умножения.</title>
                            <attachments/>
                            <steps/>
                        </step>
                    </steps>
                </step>
            </steps>
            <attachments/>
            <labels>
                <label name="story" value="Оператор умножения"/>
                <label name="feature" value="Арифметические действия"/>
                <label name="host" value="hashted"/>
                <label name="thread" value="7524@hashted.main(1)"/>
            </labels>
        </test-case>
        <test-case start="1470675476632" stop="1470675476636" status="failed">
            <name>ParameterizeTest[Тест №5: Проверка, что (56*78)=-4368]</name>
            <description type="text">Проверяется арифметическое действие над двумя операндами.  Реальный результат арифметического действия сравнивается с данными из тестового файла, на основе чего делается вывод о корректности тестового выражения.</description>
            <failure>
                <message>AssertionError: expected:&lt;-4368.0&gt; but was:&lt;4368.0&gt;</message>
                <stack-trace>java.lang.AssertionError: expected:&lt;-4368.0&gt; but was:&lt;4368.0&gt;
	at org.junit.Assert.fail(Assert.java:88)
	at org.junit.Assert.failNotEquals(Assert.java:834)
	at org.junit.Assert.assertEquals(Assert.java:575)
	at org.junit.Assert.assertEquals(Assert.java:700)
	at com.mycompany.stech_junittask1.MultiplicationOperatorParameterizeTest.ParameterizeTest(MultiplicationOperatorParameterizeTest.java:41)
	at sun.reflect.NativeMethodAccessorImpl.invoke0(Native Method)
	at sun.reflect.NativeMethodAccessorImpl.invoke(NativeMethodAccessorImpl.java:62)
	at sun.reflect.DelegatingMethodAccessorImpl.invoke(DelegatingMethodAccessorImpl.java:43)
	at java.lang.reflect.Method.invoke(Method.java:498)
	at org.junit.runners.model.FrameworkMethod$1.runReflectiveCall(FrameworkMethod.java:50)
	at org.junit.internal.runners.model.ReflectiveCallable.run(ReflectiveCallable.java:12)
	at org.junit.runners.model.FrameworkMethod.invokeExplosively(FrameworkMethod.java:47)
	at org.junit.internal.runners.statements.InvokeMethod.evaluate(InvokeMethod.java:17)
	at org.junit.runners.ParentRunner.runLeaf(ParentRunner.java:325)
	at org.junit.runners.BlockJUnit4ClassRunner.runChild(BlockJUnit4ClassRunner.java:78)
	at org.junit.runners.BlockJUnit4ClassRunner.runChild(BlockJUnit4ClassRunner.java:57)
	at org.junit.runners.ParentRunner$3.run(ParentRunner.java:290)
	at org.junit.runners.ParentRunner$1.schedule(ParentRunner.java:71)
	at org.junit.runners.ParentRunner.runChildren(ParentRunner.java:288)
	at org.junit.runners.ParentRunner.access$000(ParentRunner.java:58)
	at org.junit.runners.ParentRunner$2.evaluate(ParentRunner.java:268)
	at org.junit.runners.ParentRunner.run(ParentRunner.java:363)
	at org.junit.runners.Suite.runChild(Suite.java:128)
	at org.junit.runners.Suite.runChild(Suite.java:27)
	at org.junit.runners.ParentRunner$3.run(ParentRunner.java:290)
	at org.junit.runners.ParentRunner$1.schedule(ParentRunner.java:71)
	at org.junit.runners.ParentRunner.runChildren(ParentRunner.java:288)
	at org.junit.runners.ParentRunner.access$000(ParentRunner.java:58)
	at org.junit.runners.ParentRunner$2.evaluate(ParentRunner.java:268)
	at org.junit.runners.ParentRunner.run(ParentRunner.java:363)
	at org.apache.maven.surefire.junit4.JUnit4Provider.execute(JUnit4Provider.java:367)
	at org.apache.maven.surefire.junit4.JUnit4Provider.executeWithRerun(JUnit4Provider.java:274)
	at org.apache.maven.surefire.junit4.JUnit4Provider.executeTestSet(JUnit4Provider.java:238)
	at org.apache.maven.surefire.junit4.JUnit4Provider.invoke(JUnit4Provider.java:161)
	at org.apache.maven.surefire.booter.ForkedBooter.invokeProviderInSameClassLoader(ForkedBooter.java:290)
	at org.apache.maven.surefire.booter.ForkedBooter.runSuitesInProcess(ForkedBooter.java:242)
	at org.apache.maven.surefire.booter.ForkedBooter.main(ForkedBooter.java:121)
</stack-trace>
            </failure>
            <steps>
                <step start="1470675476632" stop="1470675476632" status="failed">
                    <name>ParameterizeTest</name>
                    <title>Проверка результата вычислений.</title>
                    <steps>
                        <step start="1470675476632" stop="1470675476632" status="passed">
                            <name>MultiplicationFunction[56, 78]</name>
                            <title>Выполнение операции умножения.</title>
                        </step>
                    </steps>
                </step>
            </steps>
            <attachments/>
            <labels>
                <label name="story" value="Оператор умножения"/>
                <label name="feature" value="Арифметические действия"/>
                <label name="host" value="hashted"/>
                <label name="thread" value="7524@hashted.main(1)"/>
            </labels>
        </test-case>
        <test-case start="1470675476637" stop="1470675476638" status="passed">
            <name>ParameterizeTest[Тест №6: Проверка, что (-1*24)=-24]</name>
            <description type="text">Проверяется арифметическое действие над двумя операндами.  Реальный результат арифметического действия сравнивается с данными из тестового файла, на основе чего делается вывод о корректности тестового выражения.</description>
            <steps>
                <step start="1470675476637" stop="1470675476638" status="passed">
                    <name>ParameterizeTest</name>
                    <title>Проверка результата вычислений.</title>
                    <attachments/>
                    <steps>
                        <step start="1470675476638" stop="1470675476638" status="passed">
                            <name>MultiplicationFunction[-1, 24]</name>
                            <title>Выполнение операции умножения.</title>
                            <attachments/>
                            <steps/>
                        </step>
                    </steps>
                </step>
            </steps>
            <attachments/>
            <labels>
                <label name="story" value="Оператор умножения"/>
                <label name="feature" value="Арифметические действия"/>
                <label name="host" value="hashted"/>
                <label name="thread" value="7524@hashted.main(1)"/>
            </labels>
        </test-case>
        <test-case start="1470675476639" stop="1470675476640" status="passed">
            <name>ParameterizeTest[Тест №7: Проверка, что (-0*0)=0]</name>
            <description type="text">Проверяется арифметическое действие над двумя операндами.  Реальный результат арифметического действия сравнивается с данными из тестового файла, на основе чего делается вывод о корректности тестового выражения.</description>
            <steps>
                <step start="1470675476640" stop="1470675476640" status="passed">
                    <name>ParameterizeTest</name>
                    <title>Проверка результата вычислений.</title>
                    <attachments/>
                    <steps>
                        <step start="1470675476640" stop="1470675476640" status="passed">
                            <name>MultiplicationFunction[0, 0]</name>
                            <title>Выполнение операции умножения.</title>
                            <attachments/>
                            <steps/>
                        </step>
                    </steps>
                </step>
            </steps>
            <attachments/>
            <labels>
                <label name="story" value="Оператор умножения"/>
                <label name="feature" value="Арифметические действия"/>
                <label name="host" value="hashted"/>
                <label name="thread" value="7524@hashted.main(1)"/>
            </labels>
        </test-case>
        <test-case start="1470675476641" stop="1470675476642" status="failed">
            <name>ParameterizeTest[Тест №8: Проверка, что (1*456)=455]</name>
            <description type="text">Проверяется арифметическое действие над двумя операндами.  Реальный результат арифметического действия сравнивается с данными из тестового файла, на основе чего делается вывод о корректности тестового выражения.</description>
            <failure>
                <message>AssertionError: expected:&lt;455.0&gt; but was:&lt;456.0&gt;</message>
                <stack-trace>java.lang.AssertionError: expected:&lt;455.0&gt; but was:&lt;456.0&gt;
	at org.junit.Assert.fail(Assert.java:88)
	at org.junit.Assert.failNotEquals(Assert.java:834)
	at org.junit.Assert.assertEquals(Assert.java:575)
	at org.junit.Assert.assertEquals(Assert.java:700)
	at com.mycompany.stech_junittask1.MultiplicationOperatorParameterizeTest.ParameterizeTest(MultiplicationOperatorParameterizeTest.java:41)
	at sun.reflect.NativeMethodAccessorImpl.invoke0(Native Method)
	at sun.reflect.NativeMethodAccessorImpl.invoke(NativeMethodAccessorImpl.java:62)
	at sun.reflect.DelegatingMethodAccessorImpl.invoke(DelegatingMethodAccessorImpl.java:43)
	at java.lang.reflect.Method.invoke(Method.java:498)
	at org.junit.runners.model.FrameworkMethod$1.runReflectiveCall(FrameworkMethod.java:50)
	at org.junit.internal.runners.model.ReflectiveCallable.run(ReflectiveCallable.java:12)
	at org.junit.runners.model.FrameworkMethod.invokeExplosively(FrameworkMethod.java:47)
	at org.junit.internal.runners.statements.InvokeMethod.evaluate(InvokeMethod.java:17)
	at org.junit.runners.ParentRunner.runLeaf(ParentRunner.java:325)
	at org.junit.runners.BlockJUnit4ClassRunner.runChild(BlockJUnit4ClassRunner.java:78)
	at org.junit.runners.BlockJUnit4ClassRunner.runChild(BlockJUnit4ClassRunner.java:57)
	at org.junit.runners.ParentRunner$3.run(ParentRunner.java:290)
	at org.junit.runners.ParentRunner$1.schedule(ParentRunner.java:71)
	at org.junit.runners.ParentRunner.runChildren(ParentRunner.java:288)
	at org.junit.runners.ParentRunner.access$000(ParentRunner.java:58)
	at org.junit.runners.ParentRunner$2.evaluate(ParentRunner.java:268)
	at org.junit.runners.ParentRunner.run(ParentRunner.java:363)
	at org.junit.runners.Suite.runChild(Suite.java:128)
	at org.junit.runners.Suite.runChild(Suite.java:27)
	at org.junit.runners.ParentRunner$3.run(ParentRunner.java:290)
	at org.junit.runners.ParentRunner$1.schedule(ParentRunner.java:71)
	at org.junit.runners.ParentRunner.runChildren(ParentRunner.java:288)
	at org.junit.runners.ParentRunner.access$000(ParentRunner.java:58)
	at org.junit.runners.ParentRunner$2.evaluate(ParentRunner.java:268)
	at org.junit.runners.ParentRunner.run(ParentRunner.java:363)
	at org.apache.maven.surefire.junit4.JUnit4Provider.execute(JUnit4Provider.java:367)
	at org.apache.maven.surefire.junit4.JUnit4Provider.executeWithRerun(JUnit4Provider.java:274)
	at org.apache.maven.surefire.junit4.JUnit4Provider.executeTestSet(JUnit4Provider.java:238)
	at org.apache.maven.surefire.junit4.JUnit4Provider.invoke(JUnit4Provider.java:161)
	at org.apache.maven.surefire.booter.ForkedBooter.invokeProviderInSameClassLoader(ForkedBooter.java:290)
	at org.apache.maven.surefire.booter.ForkedBooter.runSuitesInProcess(ForkedBooter.java:242)
	at org.apache.maven.surefire.booter.ForkedBooter.main(ForkedBooter.java:121)
</stack-trace>
            </failure>
            <steps>
                <step start="1470675476641" stop="1470675476641" status="failed">
                    <name>ParameterizeTest</name>
                    <title>Проверка результата вычислений.</title>
                    <steps>
                        <step start="1470675476641" stop="1470675476641" status="passed">
                            <name>MultiplicationFunction[1, 456]</name>
                            <title>Выполнение операции умножения.</title>
                        </step>
                    </steps>
                </step>
            </steps>
            <attachments/>
            <labels>
                <label name="story" value="Оператор умножения"/>
                <label name="feature" value="Арифметические действия"/>
                <label name="host" value="hashted"/>
                <label name="thread" value="7524@hashted.main(1)"/>
            </labels>
        </test-case>
        <test-case start="1470675476644" stop="1470675476644" status="passed">
            <name>ParameterizeTest[Тест №9: Проверка, что (2747*4593)=12616971]</name>
            <description type="text">Проверяется арифметическое действие над двумя операндами.  Реальный результат арифметического действия сравнивается с данными из тестового файла, на основе чего делается вывод о корректности тестового выражения.</description>
            <steps>
                <step start="1470675476644" stop="1470675476644" status="passed">
                    <name>ParameterizeTest</name>
                    <title>Проверка результата вычислений.</title>
                    <attachments/>
                    <steps>
                        <step start="1470675476644" stop="1470675476644" status="passed">
                            <name>MultiplicationFunction[2747, 4593]</name>
                            <title>Выполнение операции умножения.</title>
                            <attachments/>
                            <steps/>
                        </step>
                    </steps>
                </step>
            </steps>
            <attachments/>
            <labels>
                <label name="story" value="Оператор умножения"/>
                <label name="feature" value="Арифметические действия"/>
                <label name="host" value="hashted"/>
                <label name="thread" value="7524@hashted.main(1)"/>
            </labels>
        </test-case>
    </test-cases>
    <labels>
        <label name="framework" value="JUnit"/>
        <label name="language" value="JAVA"/>
    </labels>
</ns2:test-suite>
