<?xml version="1.0" encoding="UTF-8" standalone="yes"?>
<ns2:test-suite start="1470675476659" stop="1470675476702" xmlns:ns2="urn:model.allure.qatools.yandex.ru">
    <name>com.mycompany.stech_junittask1.SubtractionOperatorParameterizeTest</name>
    <title>Тест выражений с оператором вычитания</title>
    <description type="text">Проверка результата арифметического действия.</description>
    <test-cases>
        <test-case start="1470675476660" stop="1470675476660" status="passed">
            <name>ParameterizeTest[Тест №0: Проверка, что (56-2)=54]</name>
            <description type="text">Проверяется арифметическое действие над двумя операндами.  Реальный результат арифметического действия сравнивается с данными из тестового файла, на основе чего делается вывод о корректности тестового выражения.</description>
            <steps>
                <step start="1470675476660" stop="1470675476660" status="passed">
                    <name>ParameterizeTest</name>
                    <title>Проверка результата вычислений.</title>
                    <attachments/>
                    <steps>
                        <step start="1470675476660" stop="1470675476660" status="passed">
                            <name>SubtractionFunction[56, 2]</name>
                            <title>Выполнение операции вычитания.</title>
                            <attachments/>
                            <steps/>
                        </step>
                    </steps>
                </step>
            </steps>
            <attachments/>
            <labels>
                <label name="story" value="Оператор вычитания"/>
                <label name="feature" value="Арифметические действия"/>
                <label name="host" value="hashted"/>
                <label name="thread" value="7524@hashted.main(1)"/>
            </labels>
        </test-case>
        <test-case start="1470675476661" stop="1470675476663" status="failed">
            <name>ParameterizeTest[Тест №1: Проверка, что (56-2)=53]</name>
            <description type="text">Проверяется арифметическое действие над двумя операндами.  Реальный результат арифметического действия сравнивается с данными из тестового файла, на основе чего делается вывод о корректности тестового выражения.</description>
            <failure>
                <message>AssertionError: expected:&lt;53.0&gt; but was:&lt;54.0&gt;</message>
                <stack-trace>java.lang.AssertionError: expected:&lt;53.0&gt; but was:&lt;54.0&gt;
	at org.junit.Assert.fail(Assert.java:88)
	at org.junit.Assert.failNotEquals(Assert.java:834)
	at org.junit.Assert.assertEquals(Assert.java:575)
	at org.junit.Assert.assertEquals(Assert.java:700)
	at com.mycompany.stech_junittask1.SubtractionOperatorParameterizeTest.ParameterizeTest(SubtractionOperatorParameterizeTest.java:41)
	at sun.reflect.NativeMethodAccessorImpl.invoke0(Native Method)
	at sun.reflect.NativeMethodAccessorImpl.invoke(NativeMethodAccessorImpl.java:62)
	at sun.reflect.DelegatingMethodAccessorImpl.invoke(DelegatingMethodAccessorImpl.java:43)
	at java.lang.reflect.Method.invoke(Method.java:498)
	at org.junit.runners.model.FrameworkMethod$1.runReflectiveCall(FrameworkMethod.java:50)
	at org.junit.internal.runners.model.ReflectiveCallable.run(ReflectiveCallable.java:12)
	at org.junit.runners.model.FrameworkMethod.invokeExplosively(FrameworkMethod.java:47)
	at org.junit.internal.runners.statements.InvokeMethod.evaluate(InvokeMethod.java:17)
	at org.junit.runners.ParentRunner.runLeaf(ParentRunner.java:325)
	at org.junit.runners.BlockJUnit4ClassRunner.runChild(BlockJUnit4ClassRunner.java:78)
	at org.junit.runners.BlockJUnit4ClassRunner.runChild(BlockJUnit4ClassRunner.java:57)
	at org.junit.runners.ParentRunner$3.run(ParentRunner.java:290)
	at org.junit.runners.ParentRunner$1.schedule(ParentRunner.java:71)
	at org.junit.runners.ParentRunner.runChildren(ParentRunner.java:288)
	at org.junit.runners.ParentRunner.access$000(ParentRunner.java:58)
	at org.junit.runners.ParentRunner$2.evaluate(ParentRunner.java:268)
	at org.junit.runners.ParentRunner.run(ParentRunner.java:363)
	at org.junit.runners.Suite.runChild(Suite.java:128)
	at org.junit.runners.Suite.runChild(Suite.java:27)
	at org.junit.runners.ParentRunner$3.run(ParentRunner.java:290)
	at org.junit.runners.ParentRunner$1.schedule(ParentRunner.java:71)
	at org.junit.runners.ParentRunner.runChildren(ParentRunner.java:288)
	at org.junit.runners.ParentRunner.access$000(ParentRunner.java:58)
	at org.junit.runners.ParentRunner$2.evaluate(ParentRunner.java:268)
	at org.junit.runners.ParentRunner.run(ParentRunner.java:363)
	at org.apache.maven.surefire.junit4.JUnit4Provider.execute(JUnit4Provider.java:367)
	at org.apache.maven.surefire.junit4.JUnit4Provider.executeWithRerun(JUnit4Provider.java:274)
	at org.apache.maven.surefire.junit4.JUnit4Provider.executeTestSet(JUnit4Provider.java:238)
	at org.apache.maven.surefire.junit4.JUnit4Provider.invoke(JUnit4Provider.java:161)
	at org.apache.maven.surefire.booter.ForkedBooter.invokeProviderInSameClassLoader(ForkedBooter.java:290)
	at org.apache.maven.surefire.booter.ForkedBooter.runSuitesInProcess(ForkedBooter.java:242)
	at org.apache.maven.surefire.booter.ForkedBooter.main(ForkedBooter.java:121)
</stack-trace>
            </failure>
            <steps>
                <step start="1470675476662" stop="1470675476662" status="failed">
                    <name>ParameterizeTest</name>
                    <title>Проверка результата вычислений.</title>
                    <steps>
                        <step start="1470675476662" stop="1470675476662" status="passed">
                            <name>SubtractionFunction[56, 2]</name>
                            <title>Выполнение операции вычитания.</title>
                        </step>
                    </steps>
                </step>
            </steps>
            <attachments/>
            <labels>
                <label name="story" value="Оператор вычитания"/>
                <label name="feature" value="Арифметические действия"/>
                <label name="host" value="hashted"/>
                <label name="thread" value="7524@hashted.main(1)"/>
            </labels>
        </test-case>
        <test-case start="1470675476664" stop="1470675476672" status="passed">
            <name>ParameterizeTest[Тест №2: Проверка, что (3-7)=-4]</name>
            <description type="text">Проверяется арифметическое действие над двумя операндами.  Реальный результат арифметического действия сравнивается с данными из тестового файла, на основе чего делается вывод о корректности тестового выражения.</description>
            <steps>
                <step start="1470675476664" stop="1470675476664" status="passed">
                    <name>ParameterizeTest</name>
                    <title>Проверка результата вычислений.</title>
                    <attachments/>
                    <steps>
                        <step start="1470675476664" stop="1470675476664" status="passed">
                            <name>SubtractionFunction[3, 7]</name>
                            <title>Выполнение операции вычитания.</title>
                            <attachments/>
                            <steps/>
                        </step>
                    </steps>
                </step>
            </steps>
            <attachments/>
            <labels>
                <label name="story" value="Оператор вычитания"/>
                <label name="feature" value="Арифметические действия"/>
                <label name="host" value="hashted"/>
                <label name="thread" value="7524@hashted.main(1)"/>
            </labels>
        </test-case>
        <test-case start="1470675476673" stop="1470675476674" status="passed">
            <name>ParameterizeTest[Тест №3: Проверка, что (0-0)=0]</name>
            <description type="text">Проверяется арифметическое действие над двумя операндами.  Реальный результат арифметического действия сравнивается с данными из тестового файла, на основе чего делается вывод о корректности тестового выражения.</description>
            <steps>
                <step start="1470675476673" stop="1470675476673" status="passed">
                    <name>ParameterizeTest</name>
                    <title>Проверка результата вычислений.</title>
                    <attachments/>
                    <steps>
                        <step start="1470675476673" stop="1470675476673" status="passed">
                            <name>SubtractionFunction[0, 0]</name>
                            <title>Выполнение операции вычитания.</title>
                            <attachments/>
                            <steps/>
                        </step>
                    </steps>
                </step>
            </steps>
            <attachments/>
            <labels>
                <label name="story" value="Оператор вычитания"/>
                <label name="feature" value="Арифметические действия"/>
                <label name="host" value="hashted"/>
                <label name="thread" value="7524@hashted.main(1)"/>
            </labels>
        </test-case>
        <test-case start="1470675476677" stop="1470675476678" status="passed">
            <name>ParameterizeTest[Тест №4: Проверка, что (105--46)=151]</name>
            <description type="text">Проверяется арифметическое действие над двумя операндами.  Реальный результат арифметического действия сравнивается с данными из тестового файла, на основе чего делается вывод о корректности тестового выражения.</description>
            <steps>
                <step start="1470675476678" stop="1470675476678" status="passed">
                    <name>ParameterizeTest</name>
                    <title>Проверка результата вычислений.</title>
                    <attachments/>
                    <steps>
                        <step start="1470675476678" stop="1470675476678" status="passed">
                            <name>SubtractionFunction[105, -46]</name>
                            <title>Выполнение операции вычитания.</title>
                            <attachments/>
                            <steps/>
                        </step>
                    </steps>
                </step>
            </steps>
            <attachments/>
            <labels>
                <label name="story" value="Оператор вычитания"/>
                <label name="feature" value="Арифметические действия"/>
                <label name="host" value="hashted"/>
                <label name="thread" value="7524@hashted.main(1)"/>
            </labels>
        </test-case>
        <test-case start="1470675476680" stop="1470675476680" status="passed">
            <name>ParameterizeTest[Тест №5: Проверка, что (56-0)=56]</name>
            <description type="text">Проверяется арифметическое действие над двумя операндами.  Реальный результат арифметического действия сравнивается с данными из тестового файла, на основе чего делается вывод о корректности тестового выражения.</description>
            <steps>
                <step start="1470675476680" stop="1470675476680" status="passed">
                    <name>ParameterizeTest</name>
                    <title>Проверка результата вычислений.</title>
                    <attachments/>
                    <steps>
                        <step start="1470675476680" stop="1470675476680" status="passed">
                            <name>SubtractionFunction[56, 0]</name>
                            <title>Выполнение операции вычитания.</title>
                            <attachments/>
                            <steps/>
                        </step>
                    </steps>
                </step>
            </steps>
            <attachments/>
            <labels>
                <label name="story" value="Оператор вычитания"/>
                <label name="feature" value="Арифметические действия"/>
                <label name="host" value="hashted"/>
                <label name="thread" value="7524@hashted.main(1)"/>
            </labels>
        </test-case>
        <test-case start="1470675476681" stop="1470675476684" status="failed">
            <name>ParameterizeTest[Тест №6: Проверка, что (346-56)=3]</name>
            <description type="text">Проверяется арифметическое действие над двумя операндами.  Реальный результат арифметического действия сравнивается с данными из тестового файла, на основе чего делается вывод о корректности тестового выражения.</description>
            <failure>
                <message>AssertionError: expected:&lt;3.0&gt; but was:&lt;290.0&gt;</message>
                <stack-trace>java.lang.AssertionError: expected:&lt;3.0&gt; but was:&lt;290.0&gt;
	at org.junit.Assert.fail(Assert.java:88)
	at org.junit.Assert.failNotEquals(Assert.java:834)
	at org.junit.Assert.assertEquals(Assert.java:575)
	at org.junit.Assert.assertEquals(Assert.java:700)
	at com.mycompany.stech_junittask1.SubtractionOperatorParameterizeTest.ParameterizeTest(SubtractionOperatorParameterizeTest.java:41)
	at sun.reflect.NativeMethodAccessorImpl.invoke0(Native Method)
	at sun.reflect.NativeMethodAccessorImpl.invoke(NativeMethodAccessorImpl.java:62)
	at sun.reflect.DelegatingMethodAccessorImpl.invoke(DelegatingMethodAccessorImpl.java:43)
	at java.lang.reflect.Method.invoke(Method.java:498)
	at org.junit.runners.model.FrameworkMethod$1.runReflectiveCall(FrameworkMethod.java:50)
	at org.junit.internal.runners.model.ReflectiveCallable.run(ReflectiveCallable.java:12)
	at org.junit.runners.model.FrameworkMethod.invokeExplosively(FrameworkMethod.java:47)
	at org.junit.internal.runners.statements.InvokeMethod.evaluate(InvokeMethod.java:17)
	at org.junit.runners.ParentRunner.runLeaf(ParentRunner.java:325)
	at org.junit.runners.BlockJUnit4ClassRunner.runChild(BlockJUnit4ClassRunner.java:78)
	at org.junit.runners.BlockJUnit4ClassRunner.runChild(BlockJUnit4ClassRunner.java:57)
	at org.junit.runners.ParentRunner$3.run(ParentRunner.java:290)
	at org.junit.runners.ParentRunner$1.schedule(ParentRunner.java:71)
	at org.junit.runners.ParentRunner.runChildren(ParentRunner.java:288)
	at org.junit.runners.ParentRunner.access$000(ParentRunner.java:58)
	at org.junit.runners.ParentRunner$2.evaluate(ParentRunner.java:268)
	at org.junit.runners.ParentRunner.run(ParentRunner.java:363)
	at org.junit.runners.Suite.runChild(Suite.java:128)
	at org.junit.runners.Suite.runChild(Suite.java:27)
	at org.junit.runners.ParentRunner$3.run(ParentRunner.java:290)
	at org.junit.runners.ParentRunner$1.schedule(ParentRunner.java:71)
	at org.junit.runners.ParentRunner.runChildren(ParentRunner.java:288)
	at org.junit.runners.ParentRunner.access$000(ParentRunner.java:58)
	at org.junit.runners.ParentRunner$2.evaluate(ParentRunner.java:268)
	at org.junit.runners.ParentRunner.run(ParentRunner.java:363)
	at org.apache.maven.surefire.junit4.JUnit4Provider.execute(JUnit4Provider.java:367)
	at org.apache.maven.surefire.junit4.JUnit4Provider.executeWithRerun(JUnit4Provider.java:274)
	at org.apache.maven.surefire.junit4.JUnit4Provider.executeTestSet(JUnit4Provider.java:238)
	at org.apache.maven.surefire.junit4.JUnit4Provider.invoke(JUnit4Provider.java:161)
	at org.apache.maven.surefire.booter.ForkedBooter.invokeProviderInSameClassLoader(ForkedBooter.java:290)
	at org.apache.maven.surefire.booter.ForkedBooter.runSuitesInProcess(ForkedBooter.java:242)
	at org.apache.maven.surefire.booter.ForkedBooter.main(ForkedBooter.java:121)
</stack-trace>
            </failure>
            <steps>
                <step start="1470675476683" stop="1470675476683" status="failed">
                    <name>ParameterizeTest</name>
                    <title>Проверка результата вычислений.</title>
                    <steps>
                        <step start="1470675476683" stop="1470675476683" status="passed">
                            <name>SubtractionFunction[346, 56]</name>
                            <title>Выполнение операции вычитания.</title>
                        </step>
                    </steps>
                </step>
            </steps>
            <attachments/>
            <labels>
                <label name="story" value="Оператор вычитания"/>
                <label name="feature" value="Арифметические действия"/>
                <label name="host" value="hashted"/>
                <label name="thread" value="7524@hashted.main(1)"/>
            </labels>
        </test-case>
        <test-case start="1470675476686" stop="1470675476686" status="passed">
            <name>ParameterizeTest[Тест №7: Проверка, что (569-358)=211]</name>
            <description type="text">Проверяется арифметическое действие над двумя операндами.  Реальный результат арифметического действия сравнивается с данными из тестового файла, на основе чего делается вывод о корректности тестового выражения.</description>
            <steps>
                <step start="1470675476686" stop="1470675476686" status="passed">
                    <name>ParameterizeTest</name>
                    <title>Проверка результата вычислений.</title>
                    <attachments/>
                    <steps>
                        <step start="1470675476686" stop="1470675476686" status="passed">
                            <name>SubtractionFunction[569, 358]</name>
                            <title>Выполнение операции вычитания.</title>
                            <attachments/>
                            <steps/>
                        </step>
                    </steps>
                </step>
            </steps>
            <attachments/>
            <labels>
                <label name="story" value="Оператор вычитания"/>
                <label name="feature" value="Арифметические действия"/>
                <label name="host" value="hashted"/>
                <label name="thread" value="7524@hashted.main(1)"/>
            </labels>
        </test-case>
        <test-case start="1470675476688" stop="1470675476688" status="passed">
            <name>ParameterizeTest[Тест №8: Проверка, что (22227-5699)=16528]</name>
            <description type="text">Проверяется арифметическое действие над двумя операндами.  Реальный результат арифметического действия сравнивается с данными из тестового файла, на основе чего делается вывод о корректности тестового выражения.</description>
            <steps>
                <step start="1470675476688" stop="1470675476688" status="passed">
                    <name>ParameterizeTest</name>
                    <title>Проверка результата вычислений.</title>
                    <attachments/>
                    <steps>
                        <step start="1470675476688" stop="1470675476688" status="passed">
                            <name>SubtractionFunction[22227, 5699]</name>
                            <title>Выполнение операции вычитания.</title>
                            <attachments/>
                            <steps/>
                        </step>
                    </steps>
                </step>
            </steps>
            <attachments/>
            <labels>
                <label name="story" value="Оператор вычитания"/>
                <label name="feature" value="Арифметические действия"/>
                <label name="host" value="hashted"/>
                <label name="thread" value="7524@hashted.main(1)"/>
            </labels>
        </test-case>
        <test-case start="1470675476689" stop="1470675476690" status="failed">
            <name>ParameterizeTest[Тест №9: Проверка, что (45829-658)=45172]</name>
            <description type="text">Проверяется арифметическое действие над двумя операндами.  Реальный результат арифметического действия сравнивается с данными из тестового файла, на основе чего делается вывод о корректности тестового выражения.</description>
            <failure>
                <message>AssertionError: expected:&lt;45172.0&gt; but was:&lt;45171.0&gt;</message>
                <stack-trace>java.lang.AssertionError: expected:&lt;45172.0&gt; but was:&lt;45171.0&gt;
	at org.junit.Assert.fail(Assert.java:88)
	at org.junit.Assert.failNotEquals(Assert.java:834)
	at org.junit.Assert.assertEquals(Assert.java:575)
	at org.junit.Assert.assertEquals(Assert.java:700)
	at com.mycompany.stech_junittask1.SubtractionOperatorParameterizeTest.ParameterizeTest(SubtractionOperatorParameterizeTest.java:41)
	at sun.reflect.NativeMethodAccessorImpl.invoke0(Native Method)
	at sun.reflect.NativeMethodAccessorImpl.invoke(NativeMethodAccessorImpl.java:62)
	at sun.reflect.DelegatingMethodAccessorImpl.invoke(DelegatingMethodAccessorImpl.java:43)
	at java.lang.reflect.Method.invoke(Method.java:498)
	at org.junit.runners.model.FrameworkMethod$1.runReflectiveCall(FrameworkMethod.java:50)
	at org.junit.internal.runners.model.ReflectiveCallable.run(ReflectiveCallable.java:12)
	at org.junit.runners.model.FrameworkMethod.invokeExplosively(FrameworkMethod.java:47)
	at org.junit.internal.runners.statements.InvokeMethod.evaluate(InvokeMethod.java:17)
	at org.junit.runners.ParentRunner.runLeaf(ParentRunner.java:325)
	at org.junit.runners.BlockJUnit4ClassRunner.runChild(BlockJUnit4ClassRunner.java:78)
	at org.junit.runners.BlockJUnit4ClassRunner.runChild(BlockJUnit4ClassRunner.java:57)
	at org.junit.runners.ParentRunner$3.run(ParentRunner.java:290)
	at org.junit.runners.ParentRunner$1.schedule(ParentRunner.java:71)
	at org.junit.runners.ParentRunner.runChildren(ParentRunner.java:288)
	at org.junit.runners.ParentRunner.access$000(ParentRunner.java:58)
	at org.junit.runners.ParentRunner$2.evaluate(ParentRunner.java:268)
	at org.junit.runners.ParentRunner.run(ParentRunner.java:363)
	at org.junit.runners.Suite.runChild(Suite.java:128)
	at org.junit.runners.Suite.runChild(Suite.java:27)
	at org.junit.runners.ParentRunner$3.run(ParentRunner.java:290)
	at org.junit.runners.ParentRunner$1.schedule(ParentRunner.java:71)
	at org.junit.runners.ParentRunner.runChildren(ParentRunner.java:288)
	at org.junit.runners.ParentRunner.access$000(ParentRunner.java:58)
	at org.junit.runners.ParentRunner$2.evaluate(ParentRunner.java:268)
	at org.junit.runners.ParentRunner.run(ParentRunner.java:363)
	at org.apache.maven.surefire.junit4.JUnit4Provider.execute(JUnit4Provider.java:367)
	at org.apache.maven.surefire.junit4.JUnit4Provider.executeWithRerun(JUnit4Provider.java:274)
	at org.apache.maven.surefire.junit4.JUnit4Provider.executeTestSet(JUnit4Provider.java:238)
	at org.apache.maven.surefire.junit4.JUnit4Provider.invoke(JUnit4Provider.java:161)
	at org.apache.maven.surefire.booter.ForkedBooter.invokeProviderInSameClassLoader(ForkedBooter.java:290)
	at org.apache.maven.surefire.booter.ForkedBooter.runSuitesInProcess(ForkedBooter.java:242)
	at org.apache.maven.surefire.booter.ForkedBooter.main(ForkedBooter.java:121)
</stack-trace>
            </failure>
            <steps>
                <step start="1470675476689" stop="1470675476689" status="failed">
                    <name>ParameterizeTest</name>
                    <title>Проверка результата вычислений.</title>
                    <steps>
                        <step start="1470675476689" stop="1470675476689" status="passed">
                            <name>SubtractionFunction[45829, 658]</name>
                            <title>Выполнение операции вычитания.</title>
                        </step>
                    </steps>
                </step>
            </steps>
            <attachments/>
            <labels>
                <label name="story" value="Оператор вычитания"/>
                <label name="feature" value="Арифметические действия"/>
                <label name="host" value="hashted"/>
                <label name="thread" value="7524@hashted.main(1)"/>
            </labels>
        </test-case>
    </test-cases>
    <labels>
        <label name="framework" value="JUnit"/>
        <label name="language" value="JAVA"/>
    </labels>
</ns2:test-suite>
