<?xml version="1.0" encoding="UTF-8" standalone="yes"?>
<ns2:test-suite start="1470675476507" stop="1470675483882" xmlns:ns2="urn:model.allure.qatools.yandex.ru">
    <name>com.mycompany.stech_junittask1.DivisionOperatorParameterizeTest</name>
    <title>Тест выражений с оператором деления</title>
    <description type="text">Проверка результата арифметического действия.</description>
    <test-cases>
        <test-case start="1470675476508" stop="1470675476510" status="passed">
            <name>ParameterizeTest[Тест №0: Проверка, что (4/2)=2]</name>
            <description type="text">Проверяется арифметическое действие над двумя операндами.  Реальный результат арифметического действия сравнивается с данными из тестового файла, на основе чего делается вывод о корректности тестового выражения.</description>
            <steps>
                <step start="1470675476509" stop="1470675476509" status="passed">
                    <name>ParameterizeTest</name>
                    <title>Проверка результата вычислений.</title>
                    <attachments/>
                    <steps>
                        <step start="1470675476509" stop="1470675476509" status="passed">
                            <name>ifZero[2]</name>
                            <title>Проверка делителя.</title>
                            <attachments/>
                            <steps/>
                        </step>
                        <step start="1470675476509" stop="1470675476509" status="passed">
                            <name>DivisionFunction[4, 2]</name>
                            <title>Выполнение операции деления.</title>
                            <attachments/>
                            <steps/>
                        </step>
                    </steps>
                </step>
            </steps>
            <attachments/>
            <labels>
                <label name="story" value="Оператор деления"/>
                <label name="feature" value="Арифметические действия"/>
                <label name="host" value="hashted"/>
                <label name="thread" value="7524@hashted.main(1)"/>
            </labels>
        </test-case>
        <test-case start="1470675476516" stop="1470675476517" status="failed">
            <name>ParameterizeTest[Тест №1: Проверка, что (4/2)=4]</name>
            <description type="text">Проверяется арифметическое действие над двумя операндами.  Реальный результат арифметического действия сравнивается с данными из тестового файла, на основе чего делается вывод о корректности тестового выражения.</description>
            <failure>
                <message>AssertionError: expected:&lt;4.0&gt; but was:&lt;2.0&gt;</message>
                <stack-trace>java.lang.AssertionError: expected:&lt;4.0&gt; but was:&lt;2.0&gt;
	at org.junit.Assert.fail(Assert.java:88)
	at org.junit.Assert.failNotEquals(Assert.java:834)
	at org.junit.Assert.assertEquals(Assert.java:553)
	at org.junit.Assert.assertEquals(Assert.java:683)
	at com.mycompany.stech_junittask1.DivisionOperatorParameterizeTest.ParameterizeTest(DivisionOperatorParameterizeTest.java:45)
	at sun.reflect.NativeMethodAccessorImpl.invoke0(Native Method)
	at sun.reflect.NativeMethodAccessorImpl.invoke(NativeMethodAccessorImpl.java:62)
	at sun.reflect.DelegatingMethodAccessorImpl.invoke(DelegatingMethodAccessorImpl.java:43)
	at java.lang.reflect.Method.invoke(Method.java:498)
	at org.junit.runners.model.FrameworkMethod$1.runReflectiveCall(FrameworkMethod.java:50)
	at org.junit.internal.runners.model.ReflectiveCallable.run(ReflectiveCallable.java:12)
	at org.junit.runners.model.FrameworkMethod.invokeExplosively(FrameworkMethod.java:47)
	at org.junit.internal.runners.statements.InvokeMethod.evaluate(InvokeMethod.java:17)
	at org.junit.runners.ParentRunner.runLeaf(ParentRunner.java:325)
	at org.junit.runners.BlockJUnit4ClassRunner.runChild(BlockJUnit4ClassRunner.java:78)
	at org.junit.runners.BlockJUnit4ClassRunner.runChild(BlockJUnit4ClassRunner.java:57)
	at org.junit.runners.ParentRunner$3.run(ParentRunner.java:290)
	at org.junit.runners.ParentRunner$1.schedule(ParentRunner.java:71)
	at org.junit.runners.ParentRunner.runChildren(ParentRunner.java:288)
	at org.junit.runners.ParentRunner.access$000(ParentRunner.java:58)
	at org.junit.runners.ParentRunner$2.evaluate(ParentRunner.java:268)
	at org.junit.runners.ParentRunner.run(ParentRunner.java:363)
	at org.junit.runners.Suite.runChild(Suite.java:128)
	at org.junit.runners.Suite.runChild(Suite.java:27)
	at org.junit.runners.ParentRunner$3.run(ParentRunner.java:290)
	at org.junit.runners.ParentRunner$1.schedule(ParentRunner.java:71)
	at org.junit.runners.ParentRunner.runChildren(ParentRunner.java:288)
	at org.junit.runners.ParentRunner.access$000(ParentRunner.java:58)
	at org.junit.runners.ParentRunner$2.evaluate(ParentRunner.java:268)
	at org.junit.runners.ParentRunner.run(ParentRunner.java:363)
	at org.apache.maven.surefire.junit4.JUnit4Provider.execute(JUnit4Provider.java:367)
	at org.apache.maven.surefire.junit4.JUnit4Provider.executeWithRerun(JUnit4Provider.java:274)
	at org.apache.maven.surefire.junit4.JUnit4Provider.executeTestSet(JUnit4Provider.java:238)
	at org.apache.maven.surefire.junit4.JUnit4Provider.invoke(JUnit4Provider.java:161)
	at org.apache.maven.surefire.booter.ForkedBooter.invokeProviderInSameClassLoader(ForkedBooter.java:290)
	at org.apache.maven.surefire.booter.ForkedBooter.runSuitesInProcess(ForkedBooter.java:242)
	at org.apache.maven.surefire.booter.ForkedBooter.main(ForkedBooter.java:121)
</stack-trace>
            </failure>
            <steps>
                <step start="1470675476516" stop="1470675476516" status="failed">
                    <name>ParameterizeTest</name>
                    <title>Проверка результата вычислений.</title>
                    <steps>
                        <step start="1470675476516" stop="1470675476516" status="passed">
                            <name>ifZero[2]</name>
                            <title>Проверка делителя.</title>
                        </step>
                        <step start="1470675476516" stop="1470675476516" status="passed">
                            <name>DivisionFunction[4, 2]</name>
                            <title>Выполнение операции деления.</title>
                        </step>
                    </steps>
                </step>
            </steps>
            <attachments/>
            <labels>
                <label name="story" value="Оператор деления"/>
                <label name="feature" value="Арифметические действия"/>
                <label name="host" value="hashted"/>
                <label name="thread" value="7524@hashted.main(1)"/>
            </labels>
        </test-case>
        <test-case start="1470675476518" stop="1470675476520" status="passed">
            <name>ParameterizeTest[Тест №2: Проверка, что (4/3)=1.3333]</name>
            <description type="text">Проверяется арифметическое действие над двумя операндами.  Реальный результат арифметического действия сравнивается с данными из тестового файла, на основе чего делается вывод о корректности тестового выражения.</description>
            <steps>
                <step start="1470675476519" stop="1470675476519" status="passed">
                    <name>ParameterizeTest</name>
                    <title>Проверка результата вычислений.</title>
                    <attachments/>
                    <steps>
                        <step start="1470675476519" stop="1470675476519" status="passed">
                            <name>ifZero[3]</name>
                            <title>Проверка делителя.</title>
                            <attachments/>
                            <steps/>
                        </step>
                        <step start="1470675476519" stop="1470675476519" status="passed">
                            <name>DivisionFunction[4, 3]</name>
                            <title>Выполнение операции деления.</title>
                            <attachments/>
                            <steps/>
                        </step>
                    </steps>
                </step>
            </steps>
            <attachments/>
            <labels>
                <label name="story" value="Оператор деления"/>
                <label name="feature" value="Арифметические действия"/>
                <label name="host" value="hashted"/>
                <label name="thread" value="7524@hashted.main(1)"/>
            </labels>
        </test-case>
        <test-case start="1470675476521" stop="1470675476525" status="passed">
            <name>ParameterizeTest[Тест №3: Проверка, что (89/24569)=0.0036]</name>
            <description type="text">Проверяется арифметическое действие над двумя операндами.  Реальный результат арифметического действия сравнивается с данными из тестового файла, на основе чего делается вывод о корректности тестового выражения.</description>
            <steps>
                <step start="1470675476522" stop="1470675476525" status="passed">
                    <name>ParameterizeTest</name>
                    <title>Проверка результата вычислений.</title>
                    <attachments/>
                    <steps>
                        <step start="1470675476522" stop="1470675476522" status="passed">
                            <name>ifZero[24569]</name>
                            <title>Проверка делителя.</title>
                            <attachments/>
                            <steps/>
                        </step>
                        <step start="1470675476525" stop="1470675476525" status="passed">
                            <name>DivisionFunction[89, 24569]</name>
                            <title>Выполнение операции деления.</title>
                            <attachments/>
                            <steps/>
                        </step>
                    </steps>
                </step>
            </steps>
            <attachments/>
            <labels>
                <label name="story" value="Оператор деления"/>
                <label name="feature" value="Арифметические действия"/>
                <label name="host" value="hashted"/>
                <label name="thread" value="7524@hashted.main(1)"/>
            </labels>
        </test-case>
        <test-case start="1470675476526" stop="1470675476527" status="passed">
            <name>ParameterizeTest[Тест №4: Проверка, что (112/10)=11.2]</name>
            <description type="text">Проверяется арифметическое действие над двумя операндами.  Реальный результат арифметического действия сравнивается с данными из тестового файла, на основе чего делается вывод о корректности тестового выражения.</description>
            <steps>
                <step start="1470675476526" stop="1470675476526" status="passed">
                    <name>ParameterizeTest</name>
                    <title>Проверка результата вычислений.</title>
                    <attachments/>
                    <steps>
                        <step start="1470675476526" stop="1470675476526" status="passed">
                            <name>ifZero[10]</name>
                            <title>Проверка делителя.</title>
                            <attachments/>
                            <steps/>
                        </step>
                        <step start="1470675476526" stop="1470675476526" status="passed">
                            <name>DivisionFunction[112, 10]</name>
                            <title>Выполнение операции деления.</title>
                            <attachments/>
                            <steps/>
                        </step>
                    </steps>
                </step>
            </steps>
            <attachments/>
            <labels>
                <label name="story" value="Оператор деления"/>
                <label name="feature" value="Арифметические действия"/>
                <label name="host" value="hashted"/>
                <label name="thread" value="7524@hashted.main(1)"/>
            </labels>
        </test-case>
        <test-case start="1470675476528" stop="1470675476529" status="failed">
            <name>ParameterizeTest[Тест №5: Проверка, что (25/0)=0]</name>
            <description type="text">Проверяется арифметическое действие над двумя операндами.  Реальный результат арифметического действия сравнивается с данными из тестового файла, на основе чего делается вывод о корректности тестового выражения.</description>
            <failure>
                <message>AssertionError: expected &lt;0.0&gt;. Error: Div by zero</message>
                <stack-trace>java.lang.AssertionError: expected &lt;0.0&gt;. Error: Div by zero
	at org.junit.Assert.fail(Assert.java:88)
	at com.mycompany.stech_junittask1.DivisionOperatorParameterizeTest.ParameterizeTest(DivisionOperatorParameterizeTest.java:43)
	at sun.reflect.NativeMethodAccessorImpl.invoke0(Native Method)
	at sun.reflect.NativeMethodAccessorImpl.invoke(NativeMethodAccessorImpl.java:62)
	at sun.reflect.DelegatingMethodAccessorImpl.invoke(DelegatingMethodAccessorImpl.java:43)
	at java.lang.reflect.Method.invoke(Method.java:498)
	at org.junit.runners.model.FrameworkMethod$1.runReflectiveCall(FrameworkMethod.java:50)
	at org.junit.internal.runners.model.ReflectiveCallable.run(ReflectiveCallable.java:12)
	at org.junit.runners.model.FrameworkMethod.invokeExplosively(FrameworkMethod.java:47)
	at org.junit.internal.runners.statements.InvokeMethod.evaluate(InvokeMethod.java:17)
	at org.junit.runners.ParentRunner.runLeaf(ParentRunner.java:325)
	at org.junit.runners.BlockJUnit4ClassRunner.runChild(BlockJUnit4ClassRunner.java:78)
	at org.junit.runners.BlockJUnit4ClassRunner.runChild(BlockJUnit4ClassRunner.java:57)
	at org.junit.runners.ParentRunner$3.run(ParentRunner.java:290)
	at org.junit.runners.ParentRunner$1.schedule(ParentRunner.java:71)
	at org.junit.runners.ParentRunner.runChildren(ParentRunner.java:288)
	at org.junit.runners.ParentRunner.access$000(ParentRunner.java:58)
	at org.junit.runners.ParentRunner$2.evaluate(ParentRunner.java:268)
	at org.junit.runners.ParentRunner.run(ParentRunner.java:363)
	at org.junit.runners.Suite.runChild(Suite.java:128)
	at org.junit.runners.Suite.runChild(Suite.java:27)
	at org.junit.runners.ParentRunner$3.run(ParentRunner.java:290)
	at org.junit.runners.ParentRunner$1.schedule(ParentRunner.java:71)
	at org.junit.runners.ParentRunner.runChildren(ParentRunner.java:288)
	at org.junit.runners.ParentRunner.access$000(ParentRunner.java:58)
	at org.junit.runners.ParentRunner$2.evaluate(ParentRunner.java:268)
	at org.junit.runners.ParentRunner.run(ParentRunner.java:363)
	at org.apache.maven.surefire.junit4.JUnit4Provider.execute(JUnit4Provider.java:367)
	at org.apache.maven.surefire.junit4.JUnit4Provider.executeWithRerun(JUnit4Provider.java:274)
	at org.apache.maven.surefire.junit4.JUnit4Provider.executeTestSet(JUnit4Provider.java:238)
	at org.apache.maven.surefire.junit4.JUnit4Provider.invoke(JUnit4Provider.java:161)
	at org.apache.maven.surefire.booter.ForkedBooter.invokeProviderInSameClassLoader(ForkedBooter.java:290)
	at org.apache.maven.surefire.booter.ForkedBooter.runSuitesInProcess(ForkedBooter.java:242)
	at org.apache.maven.surefire.booter.ForkedBooter.main(ForkedBooter.java:121)
</stack-trace>
            </failure>
            <steps>
                <step start="1470675476528" stop="1470675476528" status="failed">
                    <name>ParameterizeTest</name>
                    <title>Проверка результата вычислений.</title>
                    <steps>
                        <step start="1470675476528" stop="1470675476528" status="passed">
                            <name>ifZero[0]</name>
                            <title>Проверка делителя.</title>
                        </step>
                    </steps>
                </step>
            </steps>
            <attachments/>
            <labels>
                <label name="story" value="Оператор деления"/>
                <label name="feature" value="Арифметические действия"/>
                <label name="host" value="hashted"/>
                <label name="thread" value="7524@hashted.main(1)"/>
            </labels>
        </test-case>
        <test-case start="1470675476531" stop="1470675476531" status="passed">
            <name>ParameterizeTest[Тест №6: Проверка, что (45/2)=22.5]</name>
            <description type="text">Проверяется арифметическое действие над двумя операндами.  Реальный результат арифметического действия сравнивается с данными из тестового файла, на основе чего делается вывод о корректности тестового выражения.</description>
            <steps>
                <step start="1470675476531" stop="1470675476531" status="passed">
                    <name>ParameterizeTest</name>
                    <title>Проверка результата вычислений.</title>
                    <attachments/>
                    <steps>
                        <step start="1470675476531" stop="1470675476531" status="passed">
                            <name>ifZero[2]</name>
                            <title>Проверка делителя.</title>
                            <attachments/>
                            <steps/>
                        </step>
                        <step start="1470675476531" stop="1470675476531" status="passed">
                            <name>DivisionFunction[45, 2]</name>
                            <title>Выполнение операции деления.</title>
                            <attachments/>
                            <steps/>
                        </step>
                    </steps>
                </step>
            </steps>
            <attachments/>
            <labels>
                <label name="story" value="Оператор деления"/>
                <label name="feature" value="Арифметические действия"/>
                <label name="host" value="hashted"/>
                <label name="thread" value="7524@hashted.main(1)"/>
            </labels>
        </test-case>
        <test-case start="1470675476532" stop="1470675476533" status="passed">
            <name>ParameterizeTest[Тест №7: Проверка, что (567/78)=7.2692]</name>
            <description type="text">Проверяется арифметическое действие над двумя операндами.  Реальный результат арифметического действия сравнивается с данными из тестового файла, на основе чего делается вывод о корректности тестового выражения.</description>
            <steps>
                <step start="1470675476532" stop="1470675476533" status="passed">
                    <name>ParameterizeTest</name>
                    <title>Проверка результата вычислений.</title>
                    <attachments/>
                    <steps>
                        <step start="1470675476533" stop="1470675476533" status="passed">
                            <name>ifZero[78]</name>
                            <title>Проверка делителя.</title>
                            <attachments/>
                            <steps/>
                        </step>
                        <step start="1470675476533" stop="1470675476533" status="passed">
                            <name>DivisionFunction[567, 78]</name>
                            <title>Выполнение операции деления.</title>
                            <attachments/>
                            <steps/>
                        </step>
                    </steps>
                </step>
            </steps>
            <attachments/>
            <labels>
                <label name="story" value="Оператор деления"/>
                <label name="feature" value="Арифметические действия"/>
                <label name="host" value="hashted"/>
                <label name="thread" value="7524@hashted.main(1)"/>
            </labels>
        </test-case>
        <test-case start="1470675476534" stop="1470675476535" status="passed">
            <name>ParameterizeTest[Тест №8: Проверка, что (456/-34575)=-0.0131]</name>
            <description type="text">Проверяется арифметическое действие над двумя операндами.  Реальный результат арифметического действия сравнивается с данными из тестового файла, на основе чего делается вывод о корректности тестового выражения.</description>
            <steps>
                <step start="1470675476534" stop="1470675476535" status="passed">
                    <name>ParameterizeTest</name>
                    <title>Проверка результата вычислений.</title>
                    <attachments/>
                    <steps>
                        <step start="1470675476535" stop="1470675476535" status="passed">
                            <name>ifZero[-34575]</name>
                            <title>Проверка делителя.</title>
                            <attachments/>
                            <steps/>
                        </step>
                        <step start="1470675476535" stop="1470675476535" status="passed">
                            <name>DivisionFunction[456, -34575]</name>
                            <title>Выполнение операции деления.</title>
                            <attachments/>
                            <steps/>
                        </step>
                    </steps>
                </step>
            </steps>
            <attachments/>
            <labels>
                <label name="story" value="Оператор деления"/>
                <label name="feature" value="Арифметические действия"/>
                <label name="host" value="hashted"/>
                <label name="thread" value="7524@hashted.main(1)"/>
            </labels>
        </test-case>
        <test-case start="1470675476536" stop="1470675476537" status="failed">
            <name>ParameterizeTest[Тест №9: Проверка, что (5/7)=57]</name>
            <description type="text">Проверяется арифметическое действие над двумя операндами.  Реальный результат арифметического действия сравнивается с данными из тестового файла, на основе чего делается вывод о корректности тестового выражения.</description>
            <failure>
                <message>AssertionError: expected:&lt;57.0&gt; but was:&lt;0.7142857313156128&gt;</message>
                <stack-trace>java.lang.AssertionError: expected:&lt;57.0&gt; but was:&lt;0.7142857313156128&gt;
	at org.junit.Assert.fail(Assert.java:88)
	at org.junit.Assert.failNotEquals(Assert.java:834)
	at org.junit.Assert.assertEquals(Assert.java:553)
	at org.junit.Assert.assertEquals(Assert.java:683)
	at com.mycompany.stech_junittask1.DivisionOperatorParameterizeTest.ParameterizeTest(DivisionOperatorParameterizeTest.java:45)
	at sun.reflect.NativeMethodAccessorImpl.invoke0(Native Method)
	at sun.reflect.NativeMethodAccessorImpl.invoke(NativeMethodAccessorImpl.java:62)
	at sun.reflect.DelegatingMethodAccessorImpl.invoke(DelegatingMethodAccessorImpl.java:43)
	at java.lang.reflect.Method.invoke(Method.java:498)
	at org.junit.runners.model.FrameworkMethod$1.runReflectiveCall(FrameworkMethod.java:50)
	at org.junit.internal.runners.model.ReflectiveCallable.run(ReflectiveCallable.java:12)
	at org.junit.runners.model.FrameworkMethod.invokeExplosively(FrameworkMethod.java:47)
	at org.junit.internal.runners.statements.InvokeMethod.evaluate(InvokeMethod.java:17)
	at org.junit.runners.ParentRunner.runLeaf(ParentRunner.java:325)
	at org.junit.runners.BlockJUnit4ClassRunner.runChild(BlockJUnit4ClassRunner.java:78)
	at org.junit.runners.BlockJUnit4ClassRunner.runChild(BlockJUnit4ClassRunner.java:57)
	at org.junit.runners.ParentRunner$3.run(ParentRunner.java:290)
	at org.junit.runners.ParentRunner$1.schedule(ParentRunner.java:71)
	at org.junit.runners.ParentRunner.runChildren(ParentRunner.java:288)
	at org.junit.runners.ParentRunner.access$000(ParentRunner.java:58)
	at org.junit.runners.ParentRunner$2.evaluate(ParentRunner.java:268)
	at org.junit.runners.ParentRunner.run(ParentRunner.java:363)
	at org.junit.runners.Suite.runChild(Suite.java:128)
	at org.junit.runners.Suite.runChild(Suite.java:27)
	at org.junit.runners.ParentRunner$3.run(ParentRunner.java:290)
	at org.junit.runners.ParentRunner$1.schedule(ParentRunner.java:71)
	at org.junit.runners.ParentRunner.runChildren(ParentRunner.java:288)
	at org.junit.runners.ParentRunner.access$000(ParentRunner.java:58)
	at org.junit.runners.ParentRunner$2.evaluate(ParentRunner.java:268)
	at org.junit.runners.ParentRunner.run(ParentRunner.java:363)
	at org.apache.maven.surefire.junit4.JUnit4Provider.execute(JUnit4Provider.java:367)
	at org.apache.maven.surefire.junit4.JUnit4Provider.executeWithRerun(JUnit4Provider.java:274)
	at org.apache.maven.surefire.junit4.JUnit4Provider.executeTestSet(JUnit4Provider.java:238)
	at org.apache.maven.surefire.junit4.JUnit4Provider.invoke(JUnit4Provider.java:161)
	at org.apache.maven.surefire.booter.ForkedBooter.invokeProviderInSameClassLoader(ForkedBooter.java:290)
	at org.apache.maven.surefire.booter.ForkedBooter.runSuitesInProcess(ForkedBooter.java:242)
	at org.apache.maven.surefire.booter.ForkedBooter.main(ForkedBooter.java:121)
</stack-trace>
            </failure>
            <steps>
                <step start="1470675476536" stop="1470675476536" status="failed">
                    <name>ParameterizeTest</name>
                    <title>Проверка результата вычислений.</title>
                    <steps>
                        <step start="1470675476536" stop="1470675476536" status="passed">
                            <name>ifZero[7]</name>
                            <title>Проверка делителя.</title>
                        </step>
                        <step start="1470675476536" stop="1470675476536" status="passed">
                            <name>DivisionFunction[5, 7]</name>
                            <title>Выполнение операции деления.</title>
                        </step>
                    </steps>
                </step>
            </steps>
            <attachments/>
            <labels>
                <label name="story" value="Оператор деления"/>
                <label name="feature" value="Арифметические действия"/>
                <label name="host" value="hashted"/>
                <label name="thread" value="7524@hashted.main(1)"/>
            </labels>
        </test-case>
    </test-cases>
    <labels>
        <label name="framework" value="JUnit"/>
        <label name="language" value="JAVA"/>
    </labels>
</ns2:test-suite>
