<?xml version="1.0" encoding="UTF-8"?>
<testsuite xmlns:xsi="http://www.w3.org/2001/XMLSchema-instance" xsi:schemaLocation="https://maven.apache.org/surefire/maven-surefire-plugin/xsd/surefire-test-report.xsd" name="com.mycompany.stech_junittask1.DivisionOperatorParameterizeTest" time="0.003" tests="10" errors="0" skipped="0" failures="3">
  <properties>
    <property name="java.runtime.name" value="Java(TM) SE Runtime Environment"/>
    <property name="sun.boot.library.path" value="C:\Program Files\Java\jdk1.8.0_102\jre\bin"/>
    <property name="java.vm.version" value="25.102-b14"/>
    <property name="java.vm.vendor" value="Oracle Corporation"/>
    <property name="maven.multiModuleProjectDirectory" value="C:\Users\hashted\Documents\NetBeansProjects\stech_junittask1"/>
    <property name="java.vendor.url" value="http://java.oracle.com/"/>
    <property name="path.separator" value=";"/>
    <property name="guice.disable.misplaced.annotation.check" value="true"/>
    <property name="java.vm.name" value="Java HotSpot(TM) 64-Bit Server VM"/>
    <property name="file.encoding.pkg" value="sun.io"/>
    <property name="user.script" value=""/>
    <property name="user.country" value="RU"/>
    <property name="sun.java.launcher" value="SUN_STANDARD"/>
    <property name="sun.os.patch.level" value=""/>
    <property name="java.vm.specification.name" value="Java Virtual Machine Specification"/>
    <property name="user.dir" value="C:\Users\hashted\Documents\NetBeansProjects\stech_junittask1"/>
    <property name="java.runtime.version" value="1.8.0_102-b14"/>
    <property name="java.awt.graphicsenv" value="sun.awt.Win32GraphicsEnvironment"/>
    <property name="java.endorsed.dirs" value="C:\Program Files\Java\jdk1.8.0_102\jre\lib\endorsed"/>
    <property name="os.arch" value="amd64"/>
    <property name="java.io.tmpdir" value="C:\Users\hashted\AppData\Local\Temp\"/>
    <property name="line.separator" value="&#10;"/>
    <property name="java.vm.specification.vendor" value="Oracle Corporation"/>
    <property name="user.variant" value=""/>
    <property name="os.name" value="Windows 10"/>
    <property name="classworlds.conf" value="C:\apache_maven_3.3.9\bin\m2.conf"/>
    <property name="sun.jnu.encoding" value="Cp1251"/>
    <property name="java.library.path" value="C:\Program Files\Java\jdk1.8.0_102\bin;C:\WINDOWS\Sun\Java\bin;C:\WINDOWS\system32;C:\WINDOWS;C:\ProgramData\Oracle\Java\javapath;C:\Program Files (x86)\HP\NV\lib\shunra\vcat;C:\WINDOWS\system32;C:\WINDOWS;C:\WINDOWS\System32\Wbem;C:\WINDOWS\System32\WindowsPowerShell\v1.0\;C:\Program Files\WIDCOMM\Bluetooth Software\;C:\Program Files\WIDCOMM\Bluetooth Software\syswow64;\;C:\Program Files (x86)\Sony\VAIO Startup Setting Tool;c:\Program Files (x86)\ATI Technologies\ATI.ACE\Core-Static;C:\Program Files (x86)\Common Files\Acronis\SnapAPI\;D:\Program Files (x86)\Git\cmd;C:\Program Files (x86)\ATI Technologies\ATI.ACE\Core-Static;C:\Program Files\Microsoft SQL Server\110\Tools\Binn\;C:\Program Files (x86)\Skype\Phone\;D:\Program Files (x86)\HP\LoadRunner\strawberry-perl\perl\bin;C:\Program Files (x86)\HP\NV\lib\thirdparty\safenet\LDK\7.0;C:\Program Files (x86)\HP\NV\lib\shunra\snv;%M2_HOME%\bin;;."/>
    <property name="java.specification.name" value="Java Platform API Specification"/>
    <property name="java.class.version" value="52.0"/>
    <property name="sun.management.compiler" value="HotSpot 64-Bit Tiered Compilers"/>
    <property name="os.version" value="10.0"/>
    <property name="user.home" value="C:\Users\hashted"/>
    <property name="user.timezone" value="Europe/Samara"/>
    <property name="java.awt.printerjob" value="sun.awt.windows.WPrinterJob"/>
    <property name="java.specification.version" value="1.8"/>
    <property name="file.encoding" value="Cp1251"/>
    <property name="user.name" value="hashted"/>
    <property name="java.class.path" value="C:\apache_maven_3.3.9\boot\plexus-classworlds-2.5.2.jar"/>
    <property name="java.vm.specification.version" value="1.8"/>
    <property name="sun.arch.data.model" value="64"/>
    <property name="java.home" value="C:\Program Files\Java\jdk1.8.0_102\jre"/>
    <property name="sun.java.command" value="org.codehaus.plexus.classworlds.launcher.Launcher clean install site jetty:run"/>
    <property name="java.specification.vendor" value="Oracle Corporation"/>
    <property name="user.language" value="ru"/>
    <property name="awt.toolkit" value="sun.awt.windows.WToolkit"/>
    <property name="java.vm.info" value="mixed mode"/>
    <property name="java.version" value="1.8.0_102"/>
    <property name="java.ext.dirs" value="C:\Program Files\Java\jdk1.8.0_102\jre\lib\ext;C:\WINDOWS\Sun\Java\lib\ext"/>
    <property name="sun.boot.class.path" value="C:\Program Files\Java\jdk1.8.0_102\jre\lib\resources.jar;C:\Program Files\Java\jdk1.8.0_102\jre\lib\rt.jar;C:\Program Files\Java\jdk1.8.0_102\jre\lib\sunrsasign.jar;C:\Program Files\Java\jdk1.8.0_102\jre\lib\jsse.jar;C:\Program Files\Java\jdk1.8.0_102\jre\lib\jce.jar;C:\Program Files\Java\jdk1.8.0_102\jre\lib\charsets.jar;C:\Program Files\Java\jdk1.8.0_102\jre\lib\jfr.jar;C:\Program Files\Java\jdk1.8.0_102\jre\classes"/>
    <property name="sun.stderr.encoding" value="cp866"/>
    <property name="java.vendor" value="Oracle Corporation"/>
    <property name="maven.home" value="C:\apache_maven_3.3.9"/>
    <property name="file.separator" value="\"/>
    <property name="java.vendor.url.bug" value="http://bugreport.sun.com/bugreport/"/>
    <property name="sun.cpu.endian" value="little"/>
    <property name="sun.io.unicode.encoding" value="UnicodeLittle"/>
    <property name="sun.stdout.encoding" value="cp866"/>
    <property name="sun.desktop" value="windows"/>
    <property name="sun.cpu.isalist" value="amd64"/>
  </properties>
  <testcase name="ParameterizeTest[Тест №0: Проверка, что (4/2)=2]" classname="com.mycompany.stech_junittask1.DivisionOperatorParameterizeTest" time="0"/>
  <testcase name="ParameterizeTest[Тест №1: Проверка, что (4/2)=4]" classname="com.mycompany.stech_junittask1.DivisionOperatorParameterizeTest" time="0">
    <failure message="expected:&lt;4.0&gt; but was:&lt;2.0&gt;" type="java.lang.AssertionError"><![CDATA[java.lang.AssertionError: expected:<4.0> but was:<2.0>
	at com.mycompany.stech_junittask1.DivisionOperatorParameterizeTest.ParameterizeTest(DivisionOperatorParameterizeTest.java:45)
]]></failure>
  </testcase>
  <testcase name="ParameterizeTest[Тест №2: Проверка, что (4/3)=1.3333]" classname="com.mycompany.stech_junittask1.DivisionOperatorParameterizeTest" time="0"/>
  <testcase name="ParameterizeTest[Тест №3: Проверка, что (89/24569)=0.0036]" classname="com.mycompany.stech_junittask1.DivisionOperatorParameterizeTest" time="0"/>
  <testcase name="ParameterizeTest[Тест №4: Проверка, что (112/10)=11.2]" classname="com.mycompany.stech_junittask1.DivisionOperatorParameterizeTest" time="0"/>
  <testcase name="ParameterizeTest[Тест №5: Проверка, что (25/0)=0]" classname="com.mycompany.stech_junittask1.DivisionOperatorParameterizeTest" time="0">
    <failure message="expected &lt;0.0&gt;. Error: Div by zero" type="java.lang.AssertionError"><![CDATA[java.lang.AssertionError: expected <0.0>. Error: Div by zero
	at com.mycompany.stech_junittask1.DivisionOperatorParameterizeTest.ParameterizeTest(DivisionOperatorParameterizeTest.java:43)
]]></failure>
  </testcase>
  <testcase name="ParameterizeTest[Тест №6: Проверка, что (45/2)=22.5]" classname="com.mycompany.stech_junittask1.DivisionOperatorParameterizeTest" time="0"/>
  <testcase name="ParameterizeTest[Тест №7: Проверка, что (567/78)=7.2692]" classname="com.mycompany.stech_junittask1.DivisionOperatorParameterizeTest" time="0"/>
  <testcase name="ParameterizeTest[Тест №8: Проверка, что (456/-34575)=-0.0131]" classname="com.mycompany.stech_junittask1.DivisionOperatorParameterizeTest" time="0"/>
  <testcase name="ParameterizeTest[Тест №9: Проверка, что (5/7)=57]" classname="com.mycompany.stech_junittask1.DivisionOperatorParameterizeTest" time="0">
    <failure message="expected:&lt;57.0&gt; but was:&lt;0.7142857313156128&gt;" type="java.lang.AssertionError"><![CDATA[java.lang.AssertionError: expected:<57.0> but was:<0.7142857313156128>
	at com.mycompany.stech_junittask1.DivisionOperatorParameterizeTest.ParameterizeTest(DivisionOperatorParameterizeTest.java:45)
]]></failure>
  </testcase>
</testsuite>