<?xml version="1.0" encoding="UTF-8"?>
<testsuite xmlns:xsi="http://www.w3.org/2001/XMLSchema-instance" xsi:schemaLocation="https://maven.apache.org/surefire/maven-surefire-plugin/xsd/surefire-test-report.xsd" name="com.mycompany.stech_junittask1.DivisionOperatorParameterizeTest" time="0.003" tests="10" errors="0" skipped="0" failures="3">
  <properties>
[...]
</properties>
  <testcase name="ParameterizeTest[Тест №0: Проверка, что (4/2)=2]" classname="com.mycompany.stech_junittask1.DivisionOperatorParameterizeTest" time="0"/>
  <testcase name="ParameterizeTest[Тест №1: Проверка, что (4/2)=4]" classname="com.mycompany.stech_junittask1.DivisionOperatorParameterizeTest" time="0">
    <failure message="expected:&lt;4.0&gt; but was:&lt;2.0&gt;" type="java.lang.AssertionError"><![CDATA[java.lang.AssertionError: expected:<4.0> but was:<2.0>
	at com.mycompany.stech_junittask1.DivisionOperatorParameterizeTest.ParameterizeTest(DivisionOperatorParameterizeTest.java:45)
]]></failure>
  </testcase>
  <testcase name="ParameterizeTest[Тест №2: Проверка, что (4/3)=1.3333]" classname="com.mycompany.stech_junittask1.DivisionOperatorParameterizeTest" time="0"/>
  <testcase name="ParameterizeTest[Тест №3: Проверка, что (89/24569)=0.0036]" classname="com.mycompany.stech_junittask1.DivisionOperatorParameterizeTest" time="0"/>
  <testcase name="ParameterizeTest[Тест №4: Проверка, что (112/10)=11.2]" classname="com.mycompany.stech_junittask1.DivisionOperatorParameterizeTest" time="0"/>
  <testcase name="ParameterizeTest[Тест №5: Проверка, что (25/0)=0]" classname="com.mycompany.stech_junittask1.DivisionOperatorParameterizeTest" time="0">
    <failure message="expected &lt;0.0&gt;. Error: Div by zero" type="java.lang.AssertionError"><![CDATA[java.lang.AssertionError: expected <0.0>. Error: Div by zero
	at com.mycompany.stech_junittask1.DivisionOperatorParameterizeTest.ParameterizeTest(DivisionOperatorParameterizeTest.java:43)
]]></failure>
  </testcase>
  <testcase name="ParameterizeTest[Тест №6: Проверка, что (45/2)=22.5]" classname="com.mycompany.stech_junittask1.DivisionOperatorParameterizeTest" time="0"/>
  <testcase name="ParameterizeTest[Тест №7: Проверка, что (567/78)=7.2692]" classname="com.mycompany.stech_junittask1.DivisionOperatorParameterizeTest" time="0"/>
  <testcase name="ParameterizeTest[Тест №8: Проверка, что (456/-34575)=-0.0131]" classname="com.mycompany.stech_junittask1.DivisionOperatorParameterizeTest" time="0"/>
  <testcase name="ParameterizeTest[Тест №9: Проверка, что (5/7)=57]" classname="com.mycompany.stech_junittask1.DivisionOperatorParameterizeTest" time="0">
    <failure message="expected:&lt;57.0&gt; but was:&lt;0.7142857313156128&gt;" type="java.lang.AssertionError"><![CDATA[java.lang.AssertionError: expected:<57.0> but was:<0.7142857313156128>
	at com.mycompany.stech_junittask1.DivisionOperatorParameterizeTest.ParameterizeTest(DivisionOperatorParameterizeTest.java:45)
]]></failure>
  </testcase>
</testsuite>