{
  "uid" : "4cddf36d2a34766f",
  "name" : "ParameterizeTest[Тест №5: Проверка, что (56*78)=-4368]",
  "title" : "Parameterize test [Тест №5: Проверка, что (56*78)=-4368]",
  "time" : {
    "start" : 1470675476632,
    "stop" : 1470675476636,
    "duration" : 4
  },
  "summary" : {
    "attachments" : 0,
    "steps" : 2
  },
  "failure" : {
    "message" : "AssertionError: expected:<-4368.0> but was:<4368.0>",
    "stackTrace" : "java.lang.AssertionError: expected:<-4368.0> but was:<4368.0>\n\tat org.junit.Assert.fail(Assert.java:88)\n\tat org.junit.Assert.failNotEquals(Assert.java:834)\n\tat org.junit.Assert.assertEquals(Assert.java:575)\n\tat org.junit.Assert.assertEquals(Assert.java:700)\n\tat com.mycompany.stech_junittask1.MultiplicationOperatorParameterizeTest.ParameterizeTest(MultiplicationOperatorParameterizeTest.java:41)\n\tat sun.reflect.NativeMethodAccessorImpl.invoke0(Native Method)\n\tat sun.reflect.NativeMethodAccessorImpl.invoke(NativeMethodAccessorImpl.java:62)\n\tat sun.reflect.DelegatingMethodAccessorImpl.invoke(DelegatingMethodAccessorImpl.java:43)\n\tat java.lang.reflect.Method.invoke(Method.java:498)\n\tat org.junit.runners.model.FrameworkMethod$1.runReflectiveCall(FrameworkMethod.java:50)\n\tat org.junit.internal.runners.model.ReflectiveCallable.run(ReflectiveCallable.java:12)\n\tat org.junit.runners.model.FrameworkMethod.invokeExplosively(FrameworkMethod.java:47)\n\tat org.junit.internal.runners.statements.InvokeMethod.evaluate(InvokeMethod.java:17)\n\tat org.junit.runners.ParentRunner.runLeaf(ParentRunner.java:325)\n\tat org.junit.runners.BlockJUnit4ClassRunner.runChild(BlockJUnit4ClassRunner.java:78)\n\tat org.junit.runners.BlockJUnit4ClassRunner.runChild(BlockJUnit4ClassRunner.java:57)\n\tat org.junit.runners.ParentRunner$3.run(ParentRunner.java:290)\n\tat org.junit.runners.ParentRunner$1.schedule(ParentRunner.java:71)\n\tat org.junit.runners.ParentRunner.runChildren(ParentRunner.java:288)\n\tat org.junit.runners.ParentRunner.access$000(ParentRunner.java:58)\n\tat org.junit.runners.ParentRunner$2.evaluate(ParentRunner.java:268)\n\tat org.junit.runners.ParentRunner.run(ParentRunner.java:363)\n\tat org.junit.runners.Suite.runChild(Suite.java:128)\n\tat org.junit.runners.Suite.runChild(Suite.java:27)\n\tat org.junit.runners.ParentRunner$3.run(ParentRunner.java:290)\n\tat org.junit.runners.ParentRunner$1.schedule(ParentRunner.java:71)\n\tat org.junit.runners.ParentRunner.runChildren(ParentRunner.java:288)\n\tat org.junit.runners.ParentRunner.access$000(ParentRunner.java:58)\n\tat org.junit.runners.ParentRunner$2.evaluate(ParentRunner.java:268)\n\tat org.junit.runners.ParentRunner.run(ParentRunner.java:363)\n\tat org.apache.maven.surefire.junit4.JUnit4Provider.execute(JUnit4Provider.java:367)\n\tat org.apache.maven.surefire.junit4.JUnit4Provider.executeWithRerun(JUnit4Provider.java:274)\n\tat org.apache.maven.surefire.junit4.JUnit4Provider.executeTestSet(JUnit4Provider.java:238)\n\tat org.apache.maven.surefire.junit4.JUnit4Provider.invoke(JUnit4Provider.java:161)\n\tat org.apache.maven.surefire.booter.ForkedBooter.invokeProviderInSameClassLoader(ForkedBooter.java:290)\n\tat org.apache.maven.surefire.booter.ForkedBooter.runSuitesInProcess(ForkedBooter.java:242)\n\tat org.apache.maven.surefire.booter.ForkedBooter.main(ForkedBooter.java:121)\n"
  },
  "description" : {
    "value" : "Проверка результата арифметического действия.\r\nПроверяется арифметическое действие над двумя операндами.  Реальный результат арифметического действия сравнивается с данными из тестового файла, на основе чего делается вывод о корректности тестового выражения.",
    "type" : "TEXT"
  },
  "severity" : "NORMAL",
  "status" : "FAILED",
  "testId" : null,
  "suite" : {
    "uid" : "c1c166e9b99f29ad",
    "name" : "com.mycompany.stech_junittask1.MultiplicationOperatorParameterizeTest",
    "title" : "Тест выражений с оператором умножения"
  },
  "steps" : [ {
    "name" : "ParameterizeTest",
    "title" : "Проверка результата вычислений.",
    "time" : {
      "start" : 1470675476632,
      "stop" : 1470675476632,
      "duration" : 0
    },
    "summary" : {
      "attachments" : 0,
      "steps" : 1
    },
    "status" : "FAILED",
    "attachments" : [ ],
    "steps" : [ {
      "name" : "MultiplicationFunction[56, 78]",
      "title" : "Выполнение операции умножения.",
      "time" : {
        "start" : 1470675476632,
        "stop" : 1470675476632,
        "duration" : 0
      },
      "summary" : {
        "attachments" : 0,
        "steps" : 0
      },
      "status" : "PASSED",
      "attachments" : [ ],
      "steps" : [ ]
    } ]
  } ],
  "attachments" : [ ],
  "issues" : [ ],
  "labels" : [ {
    "name" : "story",
    "value" : "Оператор умножения"
  }, {
    "name" : "feature",
    "value" : "Арифметические действия"
  }, {
    "name" : "host",
    "value" : "hashted"
  }, {
    "name" : "thread",
    "value" : "7524@hashted.main(1)"
  }, {
    "name" : "suite-name",
    "value" : "com.mycompany.stech_junittask1.MultiplicationOperatorParameterizeTest"
  }, {
    "name" : "suite-title",
    "value" : "Тест выражений с оператором умножения"
  }, {
    "name" : "framework",
    "value" : "JUnit"
  }, {
    "name" : "language",
    "value" : "JAVA"
  } ],
  "parameters" : [ ]
}