{
  "uid" : "a1c938d7b83fa2ba",
  "name" : "ParameterizeTest[Тест №9: Проверка, что (5/7)=57]",
  "title" : "Parameterize test [Тест №9: Проверка, что (5/7)=57]",
  "time" : {
    "start" : 1470675476536,
    "stop" : 1470675476537,
    "duration" : 1
  },
  "summary" : {
    "attachments" : 0,
    "steps" : 3
  },
  "failure" : {
    "message" : "AssertionError: expected:<57.0> but was:<0.7142857313156128>",
    "stackTrace" : "java.lang.AssertionError: expected:<57.0> but was:<0.7142857313156128>\n\tat org.junit.Assert.fail(Assert.java:88)\n\tat org.junit.Assert.failNotEquals(Assert.java:834)\n\tat org.junit.Assert.assertEquals(Assert.java:553)\n\tat org.junit.Assert.assertEquals(Assert.java:683)\n\tat com.mycompany.stech_junittask1.DivisionOperatorParameterizeTest.ParameterizeTest(DivisionOperatorParameterizeTest.java:45)\n\tat sun.reflect.NativeMethodAccessorImpl.invoke0(Native Method)\n\tat sun.reflect.NativeMethodAccessorImpl.invoke(NativeMethodAccessorImpl.java:62)\n\tat sun.reflect.DelegatingMethodAccessorImpl.invoke(DelegatingMethodAccessorImpl.java:43)\n\tat java.lang.reflect.Method.invoke(Method.java:498)\n\tat org.junit.runners.model.FrameworkMethod$1.runReflectiveCall(FrameworkMethod.java:50)\n\tat org.junit.internal.runners.model.ReflectiveCallable.run(ReflectiveCallable.java:12)\n\tat org.junit.runners.model.FrameworkMethod.invokeExplosively(FrameworkMethod.java:47)\n\tat org.junit.internal.runners.statements.InvokeMethod.evaluate(InvokeMethod.java:17)\n\tat org.junit.runners.ParentRunner.runLeaf(ParentRunner.java:325)\n\tat org.junit.runners.BlockJUnit4ClassRunner.runChild(BlockJUnit4ClassRunner.java:78)\n\tat org.junit.runners.BlockJUnit4ClassRunner.runChild(BlockJUnit4ClassRunner.java:57)\n\tat org.junit.runners.ParentRunner$3.run(ParentRunner.java:290)\n\tat org.junit.runners.ParentRunner$1.schedule(ParentRunner.java:71)\n\tat org.junit.runners.ParentRunner.runChildren(ParentRunner.java:288)\n\tat org.junit.runners.ParentRunner.access$000(ParentRunner.java:58)\n\tat org.junit.runners.ParentRunner$2.evaluate(ParentRunner.java:268)\n\tat org.junit.runners.ParentRunner.run(ParentRunner.java:363)\n\tat org.junit.runners.Suite.runChild(Suite.java:128)\n\tat org.junit.runners.Suite.runChild(Suite.java:27)\n\tat org.junit.runners.ParentRunner$3.run(ParentRunner.java:290)\n\tat org.junit.runners.ParentRunner$1.schedule(ParentRunner.java:71)\n\tat org.junit.runners.ParentRunner.runChildren(ParentRunner.java:288)\n\tat org.junit.runners.ParentRunner.access$000(ParentRunner.java:58)\n\tat org.junit.runners.ParentRunner$2.evaluate(ParentRunner.java:268)\n\tat org.junit.runners.ParentRunner.run(ParentRunner.java:363)\n\tat org.apache.maven.surefire.junit4.JUnit4Provider.execute(JUnit4Provider.java:367)\n\tat org.apache.maven.surefire.junit4.JUnit4Provider.executeWithRerun(JUnit4Provider.java:274)\n\tat org.apache.maven.surefire.junit4.JUnit4Provider.executeTestSet(JUnit4Provider.java:238)\n\tat org.apache.maven.surefire.junit4.JUnit4Provider.invoke(JUnit4Provider.java:161)\n\tat org.apache.maven.surefire.booter.ForkedBooter.invokeProviderInSameClassLoader(ForkedBooter.java:290)\n\tat org.apache.maven.surefire.booter.ForkedBooter.runSuitesInProcess(ForkedBooter.java:242)\n\tat org.apache.maven.surefire.booter.ForkedBooter.main(ForkedBooter.java:121)\n"
  },
  "description" : {
    "value" : "Проверка результата арифметического действия.\r\nПроверяется арифметическое действие над двумя операндами.  Реальный результат арифметического действия сравнивается с данными из тестового файла, на основе чего делается вывод о корректности тестового выражения.",
    "type" : "TEXT"
  },
  "severity" : "NORMAL",
  "status" : "FAILED",
  "testId" : null,
  "suite" : {
    "uid" : "3ca8f70d51304c7f",
    "name" : "com.mycompany.stech_junittask1.DivisionOperatorParameterizeTest",
    "title" : "Тест выражений с оператором деления"
  },
  "steps" : [ {
    "name" : "ParameterizeTest",
    "title" : "Проверка результата вычислений.",
    "time" : {
      "start" : 1470675476536,
      "stop" : 1470675476536,
      "duration" : 0
    },
    "summary" : {
      "attachments" : 0,
      "steps" : 2
    },
    "status" : "FAILED",
    "attachments" : [ ],
    "steps" : [ {
      "name" : "ifZero[7]",
      "title" : "Проверка делителя.",
      "time" : {
        "start" : 1470675476536,
        "stop" : 1470675476536,
        "duration" : 0
      },
      "summary" : {
        "attachments" : 0,
        "steps" : 0
      },
      "status" : "PASSED",
      "attachments" : [ ],
      "steps" : [ ]
    }, {
      "name" : "DivisionFunction[5, 7]",
      "title" : "Выполнение операции деления.",
      "time" : {
        "start" : 1470675476536,
        "stop" : 1470675476536,
        "duration" : 0
      },
      "summary" : {
        "attachments" : 0,
        "steps" : 0
      },
      "status" : "PASSED",
      "attachments" : [ ],
      "steps" : [ ]
    } ]
  } ],
  "attachments" : [ ],
  "issues" : [ ],
  "labels" : [ {
    "name" : "story",
    "value" : "Оператор деления"
  }, {
    "name" : "feature",
    "value" : "Арифметические действия"
  }, {
    "name" : "host",
    "value" : "hashted"
  }, {
    "name" : "thread",
    "value" : "7524@hashted.main(1)"
  }, {
    "name" : "suite-name",
    "value" : "com.mycompany.stech_junittask1.DivisionOperatorParameterizeTest"
  }, {
    "name" : "suite-title",
    "value" : "Тест выражений с оператором деления"
  }, {
    "name" : "framework",
    "value" : "JUnit"
  }, {
    "name" : "language",
    "value" : "JAVA"
  } ],
  "parameters" : [ ]
}